<?xml version="1.0" encoding="UTF-8" ?>
<testsuite tests="9" failures="0" name="NewDoublyLinkedListTest" time="1.955" errors="0" skipped="0">
  <properties>
[...]
</properties>
  <testcase classname="NewDoublyLinkedListTest" name="addAtPos" time="0.221"/>
  <testcase classname="NewDoublyLinkedListTest" name="addFirst" time="0.231"/>
  <testcase classname="NewDoublyLinkedListTest" name="addLast" time="0.234"/>
  <testcase classname="NewDoublyLinkedListTest" name="removeFirst" time="0.219"/>
  <testcase classname="NewDoublyLinkedListTest" name="getLast" time="0.221"/>
  <testcase classname="NewDoublyLinkedListTest" name="add" time="0.169"/>
  <testcase classname="NewDoublyLinkedListTest" name="removeLast" time="0.221"/>
  <testcase classname="NewDoublyLinkedListTest" name="reverse" time="0.219"/>
  <testcase classname="NewDoublyLinkedListTest" name="getFirst" time="0.22"/>
</testsuite>